<?xml version="1.0" encoding="UTF-8"?>
<testsuite xmlns:xsi="http://www.w3.org/2001/XMLSchema-instance" xsi:noNamespaceSchemaLocation="https://maven.apache.org/surefire/maven-surefire-plugin/xsd/surefire-test-report-3.0.xsd" version="3.0" name="com.example.consumingwebservice.ConsumingWebServiceApplicationTests" time="1.352" tests="1" errors="0" skipped="0" failures="0">
  <properties>
    <property name="java.specification.version" value="21"/>
    <property name="sun.jnu.encoding" value="UTF-8"/>
    <property name="java.class.path" value="/home/martin/Projects/Cape/soapconsumer/gs-consuming-web-service-main/initial/target/test-classes:/home/martin/Projects/Cape/soapconsumer/gs-consuming-web-service-main/initial/target/classes:/home/martin/.m2/repository/org/springframework/boot/spring-boot-starter-web-services/3.2.0/spring-boot-starter-web-services-3.2.0.jar:/home/martin/.m2/repository/org/springframework/boot/spring-boot-starter-web/3.2.0/spring-boot-starter-web-3.2.0.jar:/home/martin/.m2/repository/org/springframework/boot/spring-boot-starter-json/3.2.0/spring-boot-starter-json-3.2.0.jar:/home/martin/.m2/repository/com/fasterxml/jackson/core/jackson-databind/2.15.3/jackson-databind-2.15.3.jar:/home/martin/.m2/repository/com/fasterxml/jackson/core/jackson-annotations/2.15.3/jackson-annotations-2.15.3.jar:/home/martin/.m2/repository/com/fasterxml/jackson/core/jackson-core/2.15.3/jackson-core-2.15.3.jar:/home/martin/.m2/repository/com/fasterxml/jackson/datatype/jackson-datatype-jdk8/2.15.3/jackson-datatype-jdk8-2.15.3.jar:/home/martin/.m2/repository/com/fasterxml/jackson/datatype/jackson-datatype-jsr310/2.15.3/jackson-datatype-jsr310-2.15.3.jar:/home/martin/.m2/repository/com/fasterxml/jackson/module/jackson-module-parameter-names/2.15.3/jackson-module-parameter-names-2.15.3.jar:/home/martin/.m2/repository/org/springframework/spring-web/6.1.1/spring-web-6.1.1.jar:/home/martin/.m2/repository/io/micrometer/micrometer-observation/1.12.0/micrometer-observation-1.12.0.jar:/home/martin/.m2/repository/io/micrometer/micrometer-commons/1.12.0/micrometer-commons-1.12.0.jar:/home/martin/.m2/repository/org/springframework/spring-webmvc/6.1.1/spring-webmvc-6.1.1.jar:/home/martin/.m2/repository/org/springframework/spring-context/6.1.1/spring-context-6.1.1.jar:/home/martin/.m2/repository/org/springframework/spring-expression/6.1.1/spring-expression-6.1.1.jar:/home/martin/.m2/repository/com/sun/xml/messaging/saaj/saaj-impl/3.0.3/saaj-impl-3.0.3.jar:/home/martin/.m2/repository/jakarta/xml/soap/jakarta.xml.soap-api/3.0.1/jakarta.xml.soap-api-3.0.1.jar:/home/martin/.m2/repository/org/jvnet/staxex/stax-ex/2.1.0/stax-ex-2.1.0.jar:/home/martin/.m2/repository/jakarta/activation/jakarta.activation-api/2.1.2/jakarta.activation-api-2.1.2.jar:/home/martin/.m2/repository/org/eclipse/angus/angus-activation/2.0.1/angus-activation-2.0.1.jar:/home/martin/.m2/repository/jakarta/xml/ws/jakarta.xml.ws-api/4.0.1/jakarta.xml.ws-api-4.0.1.jar:/home/martin/.m2/repository/org/springframework/spring-oxm/6.1.1/spring-oxm-6.1.1.jar:/home/martin/.m2/repository/org/springframework/spring-beans/6.1.1/spring-beans-6.1.1.jar:/home/martin/.m2/repository/org/springframework/ws/spring-ws-core/4.0.8/spring-ws-core-4.0.8.jar:/home/martin/.m2/repository/org/springframework/ws/spring-xml/4.0.8/spring-xml-4.0.8.jar:/home/martin/.m2/repository/org/springframework/spring-aop/6.1.1/spring-aop-6.1.1.jar:/home/martin/.m2/repository/org/glassfish/jaxb/jaxb-runtime/4.0.4/jaxb-runtime-4.0.4.jar:/home/martin/.m2/repository/org/glassfish/jaxb/jaxb-core/4.0.4/jaxb-core-4.0.4.jar:/home/martin/.m2/repository/org/glassfish/jaxb/txw2/4.0.4/txw2-4.0.4.jar:/home/martin/.m2/repository/com/sun/istack/istack-commons-runtime/4.1.2/istack-commons-runtime-4.1.2.jar:/home/martin/.m2/repository/org/springframework/boot/spring-boot-starter-test/3.2.0/spring-boot-starter-test-3.2.0.jar:/home/martin/.m2/repository/org/springframework/boot/spring-boot-starter/3.2.0/spring-boot-starter-3.2.0.jar:/home/martin/.m2/repository/org/springframework/boot/spring-boot/3.2.0/spring-boot-3.2.0.jar:/home/martin/.m2/repository/org/springframework/boot/spring-boot-autoconfigure/3.2.0/spring-boot-autoconfigure-3.2.0.jar:/home/martin/.m2/repository/org/springframework/boot/spring-boot-starter-logging/3.2.0/spring-boot-starter-logging-3.2.0.jar:/home/martin/.m2/repository/ch/qos/logback/logback-classic/1.4.11/logback-classic-1.4.11.jar:/home/martin/.m2/repository/ch/qos/logback/logback-core/1.4.11/logback-core-1.4.11.jar:/home/martin/.m2/repository/org/apache/logging/log4j/log4j-to-slf4j/2.21.1/log4j-to-slf4j-2.21.1.jar:/home/martin/.m2/repository/org/apache/logging/log4j/log4j-api/2.21.1/log4j-api-2.21.1.jar:/home/martin/.m2/repository/org/slf4j/jul-to-slf4j/2.0.9/jul-to-slf4j-2.0.9.jar:/home/martin/.m2/repository/jakarta/annotation/jakarta.annotation-api/2.1.1/jakarta.annotation-api-2.1.1.jar:/home/martin/.m2/repository/org/yaml/snakeyaml/2.2/snakeyaml-2.2.jar:/home/martin/.m2/repository/org/springframework/boot/spring-boot-test/3.2.0/spring-boot-test-3.2.0.jar:/home/martin/.m2/repository/org/springframework/boot/spring-boot-test-autoconfigure/3.2.0/spring-boot-test-autoconfigure-3.2.0.jar:/home/martin/.m2/repository/com/jayway/jsonpath/json-path/2.8.0/json-path-2.8.0.jar:/home/martin/.m2/repository/org/slf4j/slf4j-api/2.0.9/slf4j-api-2.0.9.jar:/home/martin/.m2/repository/jakarta/xml/bind/jakarta.xml.bind-api/4.0.1/jakarta.xml.bind-api-4.0.1.jar:/home/martin/.m2/repository/net/minidev/json-smart/2.5.0/json-smart-2.5.0.jar:/home/martin/.m2/repository/net/minidev/accessors-smart/2.5.0/accessors-smart-2.5.0.jar:/home/martin/.m2/repository/org/ow2/asm/asm/9.3/asm-9.3.jar:/home/martin/.m2/repository/org/assertj/assertj-core/3.24.2/assertj-core-3.24.2.jar:/home/martin/.m2/repository/net/bytebuddy/byte-buddy/1.14.10/byte-buddy-1.14.10.jar:/home/martin/.m2/repository/org/awaitility/awaitility/4.2.0/awaitility-4.2.0.jar:/home/martin/.m2/repository/org/hamcrest/hamcrest/2.2/hamcrest-2.2.jar:/home/martin/.m2/repository/org/junit/jupiter/junit-jupiter/5.10.1/junit-jupiter-5.10.1.jar:/home/martin/.m2/repository/org/junit/jupiter/junit-jupiter-api/5.10.1/junit-jupiter-api-5.10.1.jar:/home/martin/.m2/repository/org/opentest4j/opentest4j/1.3.0/opentest4j-1.3.0.jar:/home/martin/.m2/repository/org/junit/platform/junit-platform-commons/1.10.1/junit-platform-commons-1.10.1.jar:/home/martin/.m2/repository/org/apiguardian/apiguardian-api/1.1.2/apiguardian-api-1.1.2.jar:/home/martin/.m2/repository/org/junit/jupiter/junit-jupiter-params/5.10.1/junit-jupiter-params-5.10.1.jar:/home/martin/.m2/repository/org/junit/jupiter/junit-jupiter-engine/5.10.1/junit-jupiter-engine-5.10.1.jar:/home/martin/.m2/repository/org/junit/platform/junit-platform-engine/1.10.1/junit-platform-engine-1.10.1.jar:/home/martin/.m2/repository/org/mockito/mockito-core/5.7.0/mockito-core-5.7.0.jar:/home/martin/.m2/repository/net/bytebuddy/byte-buddy-agent/1.14.10/byte-buddy-agent-1.14.10.jar:/home/martin/.m2/repository/org/objenesis/objenesis/3.3/objenesis-3.3.jar:/home/martin/.m2/repository/org/mockito/mockito-junit-jupiter/5.7.0/mockito-junit-jupiter-5.7.0.jar:/home/martin/.m2/repository/org/skyscreamer/jsonassert/1.5.1/jsonassert-1.5.1.jar:/home/martin/.m2/repository/com/vaadin/external/google/android-json/0.0.20131108.vaadin1/android-json-0.0.20131108.vaadin1.jar:/home/martin/.m2/repository/org/springframework/spring-core/6.1.1/spring-core-6.1.1.jar:/home/martin/.m2/repository/org/springframework/spring-jcl/6.1.1/spring-jcl-6.1.1.jar:/home/martin/.m2/repository/org/springframework/spring-test/6.1.1/spring-test-6.1.1.jar:/home/martin/.m2/repository/org/xmlunit/xmlunit-core/2.9.1/xmlunit-core-2.9.1.jar:"/>
    <property name="java.vm.vendor" value="Oracle Corporation"/>
    <property name="sun.arch.data.model" value="64"/>
    <property name="java.vendor.url" value="https://java.oracle.com/"/>
    <property name="user.timezone" value="America/Argentina/Buenos_Aires"/>
    <property name="os.name" value="Linux"/>
    <property name="java.vm.specification.version" value="21"/>
    <property name="sun.java.launcher" value="SUN_STANDARD"/>
    <property name="user.country" value="US"/>
    <property name="sun.boot.library.path" value="/home/martin/.jdks/openjdk-21.0.2/lib"/>
    <property name="sun.java.command" value="/home/martin/Projects/Cape/soapconsumer/gs-consuming-web-service-main/initial/target/surefire/surefirebooter-20240403104752558_3.jar /home/martin/Projects/Cape/soapconsumer/gs-consuming-web-service-main/initial/target/surefire 2024-04-03T10-47-52_516-jvmRun1 surefire-20240403104752558_1tmp surefire_0-20240403104752558_2tmp"/>
    <property name="jdk.debug" value="release"/>
    <property name="surefire.test.class.path" value="/home/martin/Projects/Cape/soapconsumer/gs-consuming-web-service-main/initial/target/test-classes:/home/martin/Projects/Cape/soapconsumer/gs-consuming-web-service-main/initial/target/classes:/home/martin/.m2/repository/org/springframework/boot/spring-boot-starter-web-services/3.2.0/spring-boot-starter-web-services-3.2.0.jar:/home/martin/.m2/repository/org/springframework/boot/spring-boot-starter-web/3.2.0/spring-boot-starter-web-3.2.0.jar:/home/martin/.m2/repository/org/springframework/boot/spring-boot-starter-json/3.2.0/spring-boot-starter-json-3.2.0.jar:/home/martin/.m2/repository/com/fasterxml/jackson/core/jackson-databind/2.15.3/jackson-databind-2.15.3.jar:/home/martin/.m2/repository/com/fasterxml/jackson/core/jackson-annotations/2.15.3/jackson-annotations-2.15.3.jar:/home/martin/.m2/repository/com/fasterxml/jackson/core/jackson-core/2.15.3/jackson-core-2.15.3.jar:/home/martin/.m2/repository/com/fasterxml/jackson/datatype/jackson-datatype-jdk8/2.15.3/jackson-datatype-jdk8-2.15.3.jar:/home/martin/.m2/repository/com/fasterxml/jackson/datatype/jackson-datatype-jsr310/2.15.3/jackson-datatype-jsr310-2.15.3.jar:/home/martin/.m2/repository/com/fasterxml/jackson/module/jackson-module-parameter-names/2.15.3/jackson-module-parameter-names-2.15.3.jar:/home/martin/.m2/repository/org/springframework/spring-web/6.1.1/spring-web-6.1.1.jar:/home/martin/.m2/repository/io/micrometer/micrometer-observation/1.12.0/micrometer-observation-1.12.0.jar:/home/martin/.m2/repository/io/micrometer/micrometer-commons/1.12.0/micrometer-commons-1.12.0.jar:/home/martin/.m2/repository/org/springframework/spring-webmvc/6.1.1/spring-webmvc-6.1.1.jar:/home/martin/.m2/repository/org/springframework/spring-context/6.1.1/spring-context-6.1.1.jar:/home/martin/.m2/repository/org/springframework/spring-expression/6.1.1/spring-expression-6.1.1.jar:/home/martin/.m2/repository/com/sun/xml/messaging/saaj/saaj-impl/3.0.3/saaj-impl-3.0.3.jar:/home/martin/.m2/repository/jakarta/xml/soap/jakarta.xml.soap-api/3.0.1/jakarta.xml.soap-api-3.0.1.jar:/home/martin/.m2/repository/org/jvnet/staxex/stax-ex/2.1.0/stax-ex-2.1.0.jar:/home/martin/.m2/repository/jakarta/activation/jakarta.activation-api/2.1.2/jakarta.activation-api-2.1.2.jar:/home/martin/.m2/repository/org/eclipse/angus/angus-activation/2.0.1/angus-activation-2.0.1.jar:/home/martin/.m2/repository/jakarta/xml/ws/jakarta.xml.ws-api/4.0.1/jakarta.xml.ws-api-4.0.1.jar:/home/martin/.m2/repository/org/springframework/spring-oxm/6.1.1/spring-oxm-6.1.1.jar:/home/martin/.m2/repository/org/springframework/spring-beans/6.1.1/spring-beans-6.1.1.jar:/home/martin/.m2/repository/org/springframework/ws/spring-ws-core/4.0.8/spring-ws-core-4.0.8.jar:/home/martin/.m2/repository/org/springframework/ws/spring-xml/4.0.8/spring-xml-4.0.8.jar:/home/martin/.m2/repository/org/springframework/spring-aop/6.1.1/spring-aop-6.1.1.jar:/home/martin/.m2/repository/org/glassfish/jaxb/jaxb-runtime/4.0.4/jaxb-runtime-4.0.4.jar:/home/martin/.m2/repository/org/glassfish/jaxb/jaxb-core/4.0.4/jaxb-core-4.0.4.jar:/home/martin/.m2/repository/org/glassfish/jaxb/txw2/4.0.4/txw2-4.0.4.jar:/home/martin/.m2/repository/com/sun/istack/istack-commons-runtime/4.1.2/istack-commons-runtime-4.1.2.jar:/home/martin/.m2/repository/org/springframework/boot/spring-boot-starter-test/3.2.0/spring-boot-starter-test-3.2.0.jar:/home/martin/.m2/repository/org/springframework/boot/spring-boot-starter/3.2.0/spring-boot-starter-3.2.0.jar:/home/martin/.m2/repository/org/springframework/boot/spring-boot/3.2.0/spring-boot-3.2.0.jar:/home/martin/.m2/repository/org/springframework/boot/spring-boot-autoconfigure/3.2.0/spring-boot-autoconfigure-3.2.0.jar:/home/martin/.m2/repository/org/springframework/boot/spring-boot-starter-logging/3.2.0/spring-boot-starter-logging-3.2.0.jar:/home/martin/.m2/repository/ch/qos/logback/logback-classic/1.4.11/logback-classic-1.4.11.jar:/home/martin/.m2/repository/ch/qos/logback/logback-core/1.4.11/logback-core-1.4.11.jar:/home/martin/.m2/repository/org/apache/logging/log4j/log4j-to-slf4j/2.21.1/log4j-to-slf4j-2.21.1.jar:/home/martin/.m2/repository/org/apache/logging/log4j/log4j-api/2.21.1/log4j-api-2.21.1.jar:/home/martin/.m2/repository/org/slf4j/jul-to-slf4j/2.0.9/jul-to-slf4j-2.0.9.jar:/home/martin/.m2/repository/jakarta/annotation/jakarta.annotation-api/2.1.1/jakarta.annotation-api-2.1.1.jar:/home/martin/.m2/repository/org/yaml/snakeyaml/2.2/snakeyaml-2.2.jar:/home/martin/.m2/repository/org/springframework/boot/spring-boot-test/3.2.0/spring-boot-test-3.2.0.jar:/home/martin/.m2/repository/org/springframework/boot/spring-boot-test-autoconfigure/3.2.0/spring-boot-test-autoconfigure-3.2.0.jar:/home/martin/.m2/repository/com/jayway/jsonpath/json-path/2.8.0/json-path-2.8.0.jar:/home/martin/.m2/repository/org/slf4j/slf4j-api/2.0.9/slf4j-api-2.0.9.jar:/home/martin/.m2/repository/jakarta/xml/bind/jakarta.xml.bind-api/4.0.1/jakarta.xml.bind-api-4.0.1.jar:/home/martin/.m2/repository/net/minidev/json-smart/2.5.0/json-smart-2.5.0.jar:/home/martin/.m2/repository/net/minidev/accessors-smart/2.5.0/accessors-smart-2.5.0.jar:/home/martin/.m2/repository/org/ow2/asm/asm/9.3/asm-9.3.jar:/home/martin/.m2/repository/org/assertj/assertj-core/3.24.2/assertj-core-3.24.2.jar:/home/martin/.m2/repository/net/bytebuddy/byte-buddy/1.14.10/byte-buddy-1.14.10.jar:/home/martin/.m2/repository/org/awaitility/awaitility/4.2.0/awaitility-4.2.0.jar:/home/martin/.m2/repository/org/hamcrest/hamcrest/2.2/hamcrest-2.2.jar:/home/martin/.m2/repository/org/junit/jupiter/junit-jupiter/5.10.1/junit-jupiter-5.10.1.jar:/home/martin/.m2/repository/org/junit/jupiter/junit-jupiter-api/5.10.1/junit-jupiter-api-5.10.1.jar:/home/martin/.m2/repository/org/opentest4j/opentest4j/1.3.0/opentest4j-1.3.0.jar:/home/martin/.m2/repository/org/junit/platform/junit-platform-commons/1.10.1/junit-platform-commons-1.10.1.jar:/home/martin/.m2/repository/org/apiguardian/apiguardian-api/1.1.2/apiguardian-api-1.1.2.jar:/home/martin/.m2/repository/org/junit/jupiter/junit-jupiter-params/5.10.1/junit-jupiter-params-5.10.1.jar:/home/martin/.m2/repository/org/junit/jupiter/junit-jupiter-engine/5.10.1/junit-jupiter-engine-5.10.1.jar:/home/martin/.m2/repository/org/junit/platform/junit-platform-engine/1.10.1/junit-platform-engine-1.10.1.jar:/home/martin/.m2/repository/org/mockito/mockito-core/5.7.0/mockito-core-5.7.0.jar:/home/martin/.m2/repository/net/bytebuddy/byte-buddy-agent/1.14.10/byte-buddy-agent-1.14.10.jar:/home/martin/.m2/repository/org/objenesis/objenesis/3.3/objenesis-3.3.jar:/home/martin/.m2/repository/org/mockito/mockito-junit-jupiter/5.7.0/mockito-junit-jupiter-5.7.0.jar:/home/martin/.m2/repository/org/skyscreamer/jsonassert/1.5.1/jsonassert-1.5.1.jar:/home/martin/.m2/repository/com/vaadin/external/google/android-json/0.0.20131108.vaadin1/android-json-0.0.20131108.vaadin1.jar:/home/martin/.m2/repository/org/springframework/spring-core/6.1.1/spring-core-6.1.1.jar:/home/martin/.m2/repository/org/springframework/spring-jcl/6.1.1/spring-jcl-6.1.1.jar:/home/martin/.m2/repository/org/springframework/spring-test/6.1.1/spring-test-6.1.1.jar:/home/martin/.m2/repository/org/xmlunit/xmlunit-core/2.9.1/xmlunit-core-2.9.1.jar:"/>
    <property name="sun.cpu.endian" value="little"/>
    <property name="user.home" value="/home/martin"/>
    <property name="user.language" value="en"/>
    <property name="java.specification.vendor" value="Oracle Corporation"/>
    <property name="java.version.date" value="2024-01-16"/>
    <property name="java.home" value="/home/martin/.jdks/openjdk-21.0.2"/>
    <property name="file.separator" value="/"/>
    <property name="basedir" value="/home/martin/Projects/Cape/soapconsumer/gs-consuming-web-service-main/initial"/>
    <property name="java.vm.compressedOopsMode" value="Zero based"/>
    <property name="line.separator" value="&#10;"/>
    <property name="java.vm.specification.vendor" value="Oracle Corporation"/>
    <property name="java.specification.name" value="Java Platform API Specification"/>
    <property name="FILE_LOG_CHARSET" value="UTF-8"/>
    <property name="java.awt.headless" value="true"/>
    <property name="surefire.real.class.path" value="/home/martin/Projects/Cape/soapconsumer/gs-consuming-web-service-main/initial/target/surefire/surefirebooter-20240403104752558_3.jar"/>
    <property name="sun.management.compiler" value="HotSpot 64-Bit Tiered Compilers"/>
    <property name="java.runtime.version" value="21.0.2+13-58"/>
    <property name="user.name" value="martin"/>
    <property name="stdout.encoding" value="UTF-8"/>
    <property name="path.separator" value=":"/>
    <property name="os.version" value="6.5.0-26-generic"/>
    <property name="java.runtime.name" value="OpenJDK Runtime Environment"/>
    <property name="file.encoding" value="UTF-8"/>
    <property name="java.vm.name" value="OpenJDK 64-Bit Server VM"/>
    <property name="localRepository" value="/home/martin/.m2/repository"/>
    <property name="java.vendor.url.bug" value="https://bugreport.java.com/bugreport/"/>
    <property name="java.io.tmpdir" value="/tmp"/>
    <property name="idea.version" value="2023.3.6"/>
    <property name="java.version" value="21.0.2"/>
    <property name="user.dir" value="/home/martin/Projects/Cape/soapconsumer/gs-consuming-web-service-main/initial"/>
    <property name="os.arch" value="amd64"/>
    <property name="java.vm.specification.name" value="Java Virtual Machine Specification"/>
    <property name="PID" value="19410"/>
    <property name="CONSOLE_LOG_CHARSET" value="UTF-8"/>
    <property name="native.encoding" value="UTF-8"/>
    <property name="java.library.path" value="/usr/java/packages/lib:/usr/lib64:/lib64:/lib:/usr/lib"/>
    <property name="java.vm.info" value="mixed mode, sharing"/>
    <property name="stderr.encoding" value="UTF-8"/>
    <property name="java.vendor" value="Oracle Corporation"/>
    <property name="java.vm.version" value="21.0.2+13-58"/>
    <property name="sun.io.unicode.encoding" value="UnicodeLittle"/>
    <property name="java.class.version" value="65.0"/>
  </properties>
  <testcase name="contextLoads" classname="com.example.consumingwebservice.ConsumingWebServiceApplicationTests" time="0.484">
    <system-out><![CDATA[10:47:52.965 [main] INFO org.springframework.test.context.support.AnnotationConfigContextLoaderUtils -- Could not detect default configuration classes for test class [com.example.consumingwebservice.ConsumingWebServiceApplicationTests]: ConsumingWebServiceApplicationTests does not declare any static, non-private, non-final, nested classes annotated with @Configuration.
10:47:53.017 [main] INFO org.springframework.boot.test.context.SpringBootTestContextBootstrapper -- Found @SpringBootConfiguration com.example.consumingwebservice.ConsumingWebServiceApplication for test class com.example.consumingwebservice.ConsumingWebServiceApplicationTests

  .   ____          _            __ _ _
 /\\ / ___'_ __ _ _(_)_ __  __ _ \ \ \ \
( ( )\___ | '_ | '_| | '_ \/ _` | \ \ \ \
 \\/  ___)| |_)| | | | | || (_| |  ) ) ) )
  '  |____| .__|_| |_|_| |_\__, | / / / /
 =========|_|==============|___/=/_/_/_/
 :: Spring Boot ::                (v3.2.0)

2024-04-03T10:47:53.227-03:00  INFO 19410 --- [           main] .e.c.ConsumingWebServiceApplicationTests : Starting ConsumingWebServiceApplicationTests using Java 21.0.2 with PID 19410 (started by martin in /home/martin/Projects/Cape/soapconsumer/gs-consuming-web-service-main/initial)
2024-04-03T10:47:53.228-03:00  INFO 19410 --- [           main] .e.c.ConsumingWebServiceApplicationTests : No active profile set, falling back to 1 default profile: "default"
2024-04-03T10:47:53.540-03:00  INFO 19410 --- [           main] o.s.ws.soap.saaj.SaajSoapMessageFactory  : Creating SAAJ 1.3 MessageFactory with SOAP 1.1 Protocol
2024-04-03T10:47:53.546-03:00 DEBUG 19410 --- [           main] o.s.ws.soap.saaj.SaajSoapMessageFactory  : Using MessageFactory class [com.sun.xml.messaging.saaj.soap.ver1_1.SOAPMessageFactory1_1Impl]
2024-04-03T10:47:53.643-03:00  INFO 19410 --- [           main] .e.c.ConsumingWebServiceApplicationTests : Started ConsumingWebServiceApplicationTests in 0.566 seconds (process running for 1.06)
2024-04-03T10:47:53.645-03:00  INFO 19410 --- [           main] c.e.c.endpoint.CountryClient             : Requesting location for Spain
2024-04-03T10:47:53.650-03:00 DEBUG 19410 --- [           main] o.s.ws.client.core.WebServiceTemplate    : Opening [org.springframework.ws.transport.http.HttpUrlConnection@fe34b86] to [http://localhost:8080/ws/countries]
2024-04-03T10:47:53.687-03:00 DEBUG 19410 --- [           main] o.s.ws.client.MessageTracing.sent        : Sent request [SaajSoapMessage {http://spring.io/guides/gs-producing-web-service}getCountryRequest]
2024-04-03T10:47:53.734-03:00 DEBUG 19410 --- [           main] o.s.ws.client.MessageTracing.received    : Received response [SaajSoapMessage {http://spring.io/guides/gs-producing-web-service}getCountryResponse] for request [SaajSoapMessage {http://spring.io/guides/gs-producing-web-service}getCountryRequest]
]]></system-out>
    <system-err><![CDATA[EUR
WARNING: A Java agent has been loaded dynamically (/home/martin/.m2/repository/net/bytebuddy/byte-buddy-agent/1.14.10/byte-buddy-agent-1.14.10.jar)
WARNING: If a serviceability tool is in use, please run with -XX:+EnableDynamicAgentLoading to hide this warning
WARNING: If a serviceability tool is not in use, please run with -Djdk.instrument.traceUsage for more information
WARNING: Dynamic loading of agents will be disallowed by default in a future release
]]></system-err>
  </testcase>
</testsuite>